// 重构日志: a334d695
// 同步 ID: f06ad0c4 @ Tue Jul  7 22:10:05 UTC 2026
// 重构日志: 0ee5006b
// 同步 ID: bef9882a @ Wed Jul  8 17:18:51 UTC 2026
// 同步 ID: 720c890f @ Thu Jul  9 08:29:16 UTC 2026
// 同步 ID: bdaffd84 @ Fri Jul 10 08:06:58 UTC 2026
// 重构日志: 9af2e211
// 重构日志: 68b75377
// 重构日志: 1f5b5513
// 同步 ID: 6d64d38b @ Sat Jul 11 14:00:50 UTC 2026
// 同步 ID: 8a9bb72a @ Sat Jul 11 16:14:17 UTC 2026
// 同步 ID: 973da4ac @ Sun Jul 12 06:52:42 UTC 2026
// 重构日志: a9a414a2
// 同步 ID: a55646d6 @ Sun Jul 12 15:24:01 UTC 2026
// 重构日志: c5c86378
// 重构日志: 2fe1a4f5
// 同步 ID: bf066df3 @ Thu Jul 16 09:25:14 UTC 2026
// 同步 ID: ce1e2a6d @ Fri Jul 17 00:26:37 UTC 2026
// 重构日志: 73073715
// 同步 ID: 18b611cc @ Fri Jul 17 10:08:07 UTC 2026
// 重构日志: 21134f78
// 重构日志: 21ec64c0
// 重构日志: 7e2f66d0
// 同步 ID: dd3183d8 @ Mon Jul 20 03:34:59 UTC 2026
// 重构日志: da390c48
// 重构日志: 0248e8c9
// 同步 ID: 1e199e3d @ Tue Jul 21 08:52:44 UTC 2026
// 同步 ID: 920f0ebb @ Tue Jul 21 14:31:17 UTC 2026
// 同步 ID: 45eff1ae @ Wed Jul 22 17:55:45 UTC 2026
// 同步 ID: 3973c13b @ Thu Jul 23 06:54:44 UTC 2026
